[2023-09-11 16:22:15] local.ERROR: Please provide a valid cache path. {"exception":"[object] (InvalidArgumentException(code: 0): Please provide a valid cache path. at /var/www/html/connecta/david-reys-advocacia/vendor/laravel/framework/src/Illuminate/View/Compilers/Compiler.php:66)
[stacktrace]
#0 /var/www/html/connecta/david-reys-advocacia/vendor/laravel/framework/src/Illuminate/View/ViewServiceProvider.php(101): Illuminate\\View\\Compilers\\Compiler->__construct()
#1 /var/www/html/connecta/david-reys-advocacia/vendor/laravel/framework/src/Illuminate/Container/Container.php(885): Illuminate\\View\\ViewServiceProvider->Illuminate\\View\\{closure}()
#2 /var/www/html/connecta/david-reys-advocacia/vendor/laravel/framework/src/Illuminate/Container/Container.php(770): Illuminate\\Container\\Container->build()
#3 /var/www/html/connecta/david-reys-advocacia/vendor/laravel/framework/src/Illuminate/Foundation/Application.php(856): Illuminate\\Container\\Container->resolve()
#4 /var/www/html/connecta/david-reys-advocacia/vendor/laravel/framework/src/Illuminate/Container/Container.php(706): Illuminate\\Foundation\\Application->resolve()
#5 /var/www/html/connecta/david-reys-advocacia/vendor/laravel/framework/src/Illuminate/Foundation/Application.php(841): Illuminate\\Container\\Container->make()
#6 /var/www/html/connecta/david-reys-advocacia/vendor/laravel/framework/src/Illuminate/Container/Container.php(1431): Illuminate\\Foundation\\Application->make()
#7 /var/www/html/connecta/david-reys-advocacia/vendor/livewire/livewire/src/LivewireServiceProvider.php(276): Illuminate\\Container\\Container->offsetGet()
#8 /var/www/html/connecta/david-reys-advocacia/vendor/livewire/livewire/src/LivewireServiceProvider.php(79): Livewire\\LivewireServiceProvider->registerTagCompiler()
#9 /var/www/html/connecta/david-reys-advocacia/vendor/laravel/framework/src/Illuminate/Container/BoundMethod.php(36): Livewire\\LivewireServiceProvider->boot()
#10 /var/www/html/connecta/david-reys-advocacia/vendor/laravel/framework/src/Illuminate/Container/Util.php(41): Illuminate\\Container\\BoundMethod::Illuminate\\Container\\{closure}()
#11 /var/www/html/connecta/david-reys-advocacia/vendor/laravel/framework/src/Illuminate/Container/BoundMethod.php(93): Illuminate\\Container\\Util::unwrapIfClosure()
#12 /var/www/html/connecta/david-reys-advocacia/vendor/laravel/framework/src/Illuminate/Container/BoundMethod.php(37): Illuminate\\Container\\BoundMethod::callBoundMethod()
#13 /var/www/html/connecta/david-reys-advocacia/vendor/laravel/framework/src/Illuminate/Container/Container.php(661): Illuminate\\Container\\BoundMethod::call()
#14 /var/www/html/connecta/david-reys-advocacia/vendor/laravel/framework/src/Illuminate/Foundation/Application.php(929): Illuminate\\Container\\Container->call()
#15 /var/www/html/connecta/david-reys-advocacia/vendor/laravel/framework/src/Illuminate/Foundation/Application.php(910): Illuminate\\Foundation\\Application->bootProvider()
#16 [internal function]: Illuminate\\Foundation\\Application->Illuminate\\Foundation\\{closure}()
#17 /var/www/html/connecta/david-reys-advocacia/vendor/laravel/framework/src/Illuminate/Foundation/Application.php(911): array_walk()
#18 /var/www/html/connecta/david-reys-advocacia/vendor/laravel/framework/src/Illuminate/Foundation/Bootstrap/BootProviders.php(17): Illuminate\\Foundation\\Application->boot()
#19 /var/www/html/connecta/david-reys-advocacia/vendor/laravel/framework/src/Illuminate/Foundation/Application.php(242): Illuminate\\Foundation\\Bootstrap\\BootProviders->bootstrap()
#20 /var/www/html/connecta/david-reys-advocacia/vendor/laravel/framework/src/Illuminate/Foundation/Console/Kernel.php(383): Illuminate\\Foundation\\Application->bootstrapWith()
#21 /var/www/html/connecta/david-reys-advocacia/vendor/laravel/framework/src/Illuminate/Foundation/Console/Kernel.php(153): Illuminate\\Foundation\\Console\\Kernel->bootstrap()
#22 /var/www/html/connecta/david-reys-advocacia/artisan(37): Illuminate\\Foundation\\Console\\Kernel->handle()
#23 {main}
"} 
[2023-09-11 16:26:08] local.ERROR: Please provide a valid cache path. {"exception":"[object] (InvalidArgumentException(code: 0): Please provide a valid cache path. at /var/www/html/connecta/david-reys-advocacia/vendor/laravel/framework/src/Illuminate/View/Compilers/Compiler.php:66)
[stacktrace]
#0 /var/www/html/connecta/david-reys-advocacia/vendor/laravel/framework/src/Illuminate/View/ViewServiceProvider.php(101): Illuminate\\View\\Compilers\\Compiler->__construct()
#1 /var/www/html/connecta/david-reys-advocacia/vendor/laravel/framework/src/Illuminate/Container/Container.php(885): Illuminate\\View\\ViewServiceProvider->Illuminate\\View\\{closure}()
#2 /var/www/html/connecta/david-reys-advocacia/vendor/laravel/framework/src/Illuminate/Container/Container.php(770): Illuminate\\Container\\Container->build()
#3 /var/www/html/connecta/david-reys-advocacia/vendor/laravel/framework/src/Illuminate/Foundation/Application.php(856): Illuminate\\Container\\Container->resolve()
#4 /var/www/html/connecta/david-reys-advocacia/vendor/laravel/framework/src/Illuminate/Container/Container.php(706): Illuminate\\Foundation\\Application->resolve()
#5 /var/www/html/connecta/david-reys-advocacia/vendor/laravel/framework/src/Illuminate/Foundation/Application.php(841): Illuminate\\Container\\Container->make()
#6 /var/www/html/connecta/david-reys-advocacia/vendor/laravel/framework/src/Illuminate/Container/Container.php(1431): Illuminate\\Foundation\\Application->make()
#7 /var/www/html/connecta/david-reys-advocacia/vendor/livewire/livewire/src/LivewireServiceProvider.php(276): Illuminate\\Container\\Container->offsetGet()
#8 /var/www/html/connecta/david-reys-advocacia/vendor/livewire/livewire/src/LivewireServiceProvider.php(79): Livewire\\LivewireServiceProvider->registerTagCompiler()
#9 /var/www/html/connecta/david-reys-advocacia/vendor/laravel/framework/src/Illuminate/Container/BoundMethod.php(36): Livewire\\LivewireServiceProvider->boot()
#10 /var/www/html/connecta/david-reys-advocacia/vendor/laravel/framework/src/Illuminate/Container/Util.php(41): Illuminate\\Container\\BoundMethod::Illuminate\\Container\\{closure}()
#11 /var/www/html/connecta/david-reys-advocacia/vendor/laravel/framework/src/Illuminate/Container/BoundMethod.php(93): Illuminate\\Container\\Util::unwrapIfClosure()
#12 /var/www/html/connecta/david-reys-advocacia/vendor/laravel/framework/src/Illuminate/Container/BoundMethod.php(37): Illuminate\\Container\\BoundMethod::callBoundMethod()
#13 /var/www/html/connecta/david-reys-advocacia/vendor/laravel/framework/src/Illuminate/Container/Container.php(661): Illuminate\\Container\\BoundMethod::call()
#14 /var/www/html/connecta/david-reys-advocacia/vendor/laravel/framework/src/Illuminate/Foundation/Application.php(929): Illuminate\\Container\\Container->call()
#15 /var/www/html/connecta/david-reys-advocacia/vendor/laravel/framework/src/Illuminate/Foundation/Application.php(910): Illuminate\\Foundation\\Application->bootProvider()
#16 [internal function]: Illuminate\\Foundation\\Application->Illuminate\\Foundation\\{closure}()
#17 /var/www/html/connecta/david-reys-advocacia/vendor/laravel/framework/src/Illuminate/Foundation/Application.php(911): array_walk()
#18 /var/www/html/connecta/david-reys-advocacia/vendor/laravel/framework/src/Illuminate/Foundation/Bootstrap/BootProviders.php(17): Illuminate\\Foundation\\Application->boot()
#19 /var/www/html/connecta/david-reys-advocacia/vendor/laravel/framework/src/Illuminate/Foundation/Application.php(242): Illuminate\\Foundation\\Bootstrap\\BootProviders->bootstrap()
#20 /var/www/html/connecta/david-reys-advocacia/vendor/laravel/framework/src/Illuminate/Foundation/Console/Kernel.php(383): Illuminate\\Foundation\\Application->bootstrapWith()
#21 /var/www/html/connecta/david-reys-advocacia/vendor/laravel/framework/src/Illuminate/Foundation/Console/Kernel.php(153): Illuminate\\Foundation\\Console\\Kernel->bootstrap()
#22 /var/www/html/connecta/david-reys-advocacia/artisan(37): Illuminate\\Foundation\\Console\\Kernel->handle()
#23 {main}
"} 
[2023-09-11 16:27:52] local.ERROR: Please provide a valid cache path. {"exception":"[object] (InvalidArgumentException(code: 0): Please provide a valid cache path. at /var/www/html/connecta/david-reys-advocacia/vendor/laravel/framework/src/Illuminate/View/Compilers/Compiler.php:66)
[stacktrace]
#0 /var/www/html/connecta/david-reys-advocacia/vendor/laravel/framework/src/Illuminate/View/ViewServiceProvider.php(101): Illuminate\\View\\Compilers\\Compiler->__construct()
#1 /var/www/html/connecta/david-reys-advocacia/vendor/laravel/framework/src/Illuminate/Container/Container.php(885): Illuminate\\View\\ViewServiceProvider->Illuminate\\View\\{closure}()
#2 /var/www/html/connecta/david-reys-advocacia/vendor/laravel/framework/src/Illuminate/Container/Container.php(770): Illuminate\\Container\\Container->build()
#3 /var/www/html/connecta/david-reys-advocacia/vendor/laravel/framework/src/Illuminate/Foundation/Application.php(856): Illuminate\\Container\\Container->resolve()
#4 /var/www/html/connecta/david-reys-advocacia/vendor/laravel/framework/src/Illuminate/Container/Container.php(706): Illuminate\\Foundation\\Application->resolve()
#5 /var/www/html/connecta/david-reys-advocacia/vendor/laravel/framework/src/Illuminate/Foundation/Application.php(841): Illuminate\\Container\\Container->make()
#6 /var/www/html/connecta/david-reys-advocacia/vendor/laravel/framework/src/Illuminate/Container/Container.php(1431): Illuminate\\Foundation\\Application->make()
#7 /var/www/html/connecta/david-reys-advocacia/vendor/livewire/livewire/src/LivewireServiceProvider.php(276): Illuminate\\Container\\Container->offsetGet()
#8 /var/www/html/connecta/david-reys-advocacia/vendor/livewire/livewire/src/LivewireServiceProvider.php(79): Livewire\\LivewireServiceProvider->registerTagCompiler()
#9 /var/www/html/connecta/david-reys-advocacia/vendor/laravel/framework/src/Illuminate/Container/BoundMethod.php(36): Livewire\\LivewireServiceProvider->boot()
#10 /var/www/html/connecta/david-reys-advocacia/vendor/laravel/framework/src/Illuminate/Container/Util.php(41): Illuminate\\Container\\BoundMethod::Illuminate\\Container\\{closure}()
#11 /var/www/html/connecta/david-reys-advocacia/vendor/laravel/framework/src/Illuminate/Container/BoundMethod.php(93): Illuminate\\Container\\Util::unwrapIfClosure()
#12 /var/www/html/connecta/david-reys-advocacia/vendor/laravel/framework/src/Illuminate/Container/BoundMethod.php(37): Illuminate\\Container\\BoundMethod::callBoundMethod()
#13 /var/www/html/connecta/david-reys-advocacia/vendor/laravel/framework/src/Illuminate/Container/Container.php(661): Illuminate\\Container\\BoundMethod::call()
#14 /var/www/html/connecta/david-reys-advocacia/vendor/laravel/framework/src/Illuminate/Foundation/Application.php(929): Illuminate\\Container\\Container->call()
#15 /var/www/html/connecta/david-reys-advocacia/vendor/laravel/framework/src/Illuminate/Foundation/Application.php(910): Illuminate\\Foundation\\Application->bootProvider()
#16 [internal function]: Illuminate\\Foundation\\Application->Illuminate\\Foundation\\{closure}()
#17 /var/www/html/connecta/david-reys-advocacia/vendor/laravel/framework/src/Illuminate/Foundation/Application.php(911): array_walk()
#18 /var/www/html/connecta/david-reys-advocacia/vendor/laravel/framework/src/Illuminate/Foundation/Bootstrap/BootProviders.php(17): Illuminate\\Foundation\\Application->boot()
#19 /var/www/html/connecta/david-reys-advocacia/vendor/laravel/framework/src/Illuminate/Foundation/Application.php(242): Illuminate\\Foundation\\Bootstrap\\BootProviders->bootstrap()
#20 /var/www/html/connecta/david-reys-advocacia/vendor/laravel/framework/src/Illuminate/Foundation/Console/Kernel.php(383): Illuminate\\Foundation\\Application->bootstrapWith()
#21 /var/www/html/connecta/david-reys-advocacia/vendor/laravel/framework/src/Illuminate/Foundation/Console/Kernel.php(153): Illuminate\\Foundation\\Console\\Kernel->bootstrap()
#22 /var/www/html/connecta/david-reys-advocacia/artisan(37): Illuminate\\Foundation\\Console\\Kernel->handle()
#23 {main}
"} 
[2023-09-11 16:28:33] local.ERROR: Please provide a valid cache path. {"exception":"[object] (InvalidArgumentException(code: 0): Please provide a valid cache path. at /var/www/html/connecta/david-reys-advocacia/vendor/laravel/framework/src/Illuminate/View/Compilers/Compiler.php:66)
[stacktrace]
#0 /var/www/html/connecta/david-reys-advocacia/vendor/laravel/framework/src/Illuminate/View/ViewServiceProvider.php(101): Illuminate\\View\\Compilers\\Compiler->__construct()
#1 /var/www/html/connecta/david-reys-advocacia/vendor/laravel/framework/src/Illuminate/Container/Container.php(885): Illuminate\\View\\ViewServiceProvider->Illuminate\\View\\{closure}()
#2 /var/www/html/connecta/david-reys-advocacia/vendor/laravel/framework/src/Illuminate/Container/Container.php(770): Illuminate\\Container\\Container->build()
#3 /var/www/html/connecta/david-reys-advocacia/vendor/laravel/framework/src/Illuminate/Foundation/Application.php(856): Illuminate\\Container\\Container->resolve()
#4 /var/www/html/connecta/david-reys-advocacia/vendor/laravel/framework/src/Illuminate/Container/Container.php(706): Illuminate\\Foundation\\Application->resolve()
#5 /var/www/html/connecta/david-reys-advocacia/vendor/laravel/framework/src/Illuminate/Foundation/Application.php(841): Illuminate\\Container\\Container->make()
#6 /var/www/html/connecta/david-reys-advocacia/vendor/laravel/framework/src/Illuminate/Container/Container.php(1431): Illuminate\\Foundation\\Application->make()
#7 /var/www/html/connecta/david-reys-advocacia/vendor/livewire/livewire/src/LivewireServiceProvider.php(276): Illuminate\\Container\\Container->offsetGet()
#8 /var/www/html/connecta/david-reys-advocacia/vendor/livewire/livewire/src/LivewireServiceProvider.php(79): Livewire\\LivewireServiceProvider->registerTagCompiler()
#9 /var/www/html/connecta/david-reys-advocacia/vendor/laravel/framework/src/Illuminate/Container/BoundMethod.php(36): Livewire\\LivewireServiceProvider->boot()
#10 /var/www/html/connecta/david-reys-advocacia/vendor/laravel/framework/src/Illuminate/Container/Util.php(41): Illuminate\\Container\\BoundMethod::Illuminate\\Container\\{closure}()
#11 /var/www/html/connecta/david-reys-advocacia/vendor/laravel/framework/src/Illuminate/Container/BoundMethod.php(93): Illuminate\\Container\\Util::unwrapIfClosure()
#12 /var/www/html/connecta/david-reys-advocacia/vendor/laravel/framework/src/Illuminate/Container/BoundMethod.php(37): Illuminate\\Container\\BoundMethod::callBoundMethod()
#13 /var/www/html/connecta/david-reys-advocacia/vendor/laravel/framework/src/Illuminate/Container/Container.php(661): Illuminate\\Container\\BoundMethod::call()
#14 /var/www/html/connecta/david-reys-advocacia/vendor/laravel/framework/src/Illuminate/Foundation/Application.php(929): Illuminate\\Container\\Container->call()
#15 /var/www/html/connecta/david-reys-advocacia/vendor/laravel/framework/src/Illuminate/Foundation/Application.php(910): Illuminate\\Foundation\\Application->bootProvider()
#16 [internal function]: Illuminate\\Foundation\\Application->Illuminate\\Foundation\\{closure}()
#17 /var/www/html/connecta/david-reys-advocacia/vendor/laravel/framework/src/Illuminate/Foundation/Application.php(911): array_walk()
#18 /var/www/html/connecta/david-reys-advocacia/vendor/laravel/framework/src/Illuminate/Foundation/Bootstrap/BootProviders.php(17): Illuminate\\Foundation\\Application->boot()
#19 /var/www/html/connecta/david-reys-advocacia/vendor/laravel/framework/src/Illuminate/Foundation/Application.php(242): Illuminate\\Foundation\\Bootstrap\\BootProviders->bootstrap()
#20 /var/www/html/connecta/david-reys-advocacia/vendor/laravel/framework/src/Illuminate/Foundation/Console/Kernel.php(383): Illuminate\\Foundation\\Application->bootstrapWith()
#21 /var/www/html/connecta/david-reys-advocacia/vendor/laravel/framework/src/Illuminate/Foundation/Console/Kernel.php(153): Illuminate\\Foundation\\Console\\Kernel->bootstrap()
#22 /var/www/html/connecta/david-reys-advocacia/artisan(37): Illuminate\\Foundation\\Console\\Kernel->handle()
#23 {main}
"} 
